#
# There is insufficient memory for the Java Runtime Environment to continue.
# Native memory allocation (mmap) failed to map 257949696 bytes for G1 virtual space
# Possible reasons:
#   The system is out of physical RAM or swap space
#   The process is running with CompressedOops enabled, and the Java Heap may be blocking the growth of the native heap
# Possible solutions:
#   Reduce memory load on the system
#   Increase physical memory or swap space
#   Check if swap backing store is full
#   Decrease Java heap size (-Xmx/-Xms)
#   Decrease number of Java threads
#   Decrease Java thread stack sizes (-Xss)
#   Set larger code cache with -XX:ReservedCodeCacheSize=
#   JVM is running with Zero Based Compressed Oops mode in which the Java heap is
#     placed in the first 32GB address space. The Java Heap base address is the
#     maximum limit for the native heap growth. Please use -XX:HeapBaseMinAddress
#     to set the Java Heap base and to place the Java Heap above 32GB virtual address.
# This output file may be truncated or incomplete.
#
#  Out of Memory Error (os_windows.cpp:3603), pid=26428, tid=32688
#
# JRE version:  (21.0.8+12) (build )
# Java VM: Java HotSpot(TM) 64-Bit Server VM (21.0.8+12-LTS-250, mixed mode, sharing, tiered, compressed oops, compressed class ptrs, g1 gc, windows-amd64)
# No core dump will be written. Minidumps are not enabled by default on client versions of Windows
#

---------------  S U M M A R Y ------------

Command Line: -javaagent:E:\IntelliJ IDEA 2025.3.3\lib\idea_rt.jar=58053 -Dfile.encoding=UTF-8 -Dsun.stdout.encoding=UTF-8 -Dsun.stderr.encoding=UTF-8 com.diffguard.DiffGuard review --from HEAD~1 --to HEAD

Host: AMD Ryzen 7 8745H with Radeon 780M Graphics, 16 cores, 15G,  Windows 11 , 64 bit Build 26100 (10.0.26100.4768)
Time: Fri Apr 17 14:03:53 2026  Windows 11 , 64 bit Build 26100 (10.0.26100.4768) elapsed time: 1.044812 seconds (0d 0h 0m 1s)

---------------  T H R E A D  ---------------

Current thread (0x00000299d56d0220):  JavaThread "Unknown thread" [_thread_in_vm, id=32688, stack(0x0000009b1b600000,0x0000009b1b700000) (1024K)]

Stack: [0x0000009b1b600000,0x0000009b1b700000]
Native frames: (J=compiled Java code, j=interpreted, Vv=VM code, C=native code)
V  [jvm.dll+0x6cc179]
V  [jvm.dll+0x8584c1]
V  [jvm.dll+0x85a9ee]
V  [jvm.dll+0x85b0c3]
V  [jvm.dll+0x27ebf6]
V  [jvm.dll+0x6c88f5]
V  [jvm.dll+0x6bd45a]
V  [jvm.dll+0x354b1a]
V  [jvm.dll+0x35c796]
V  [jvm.dll+0x3af85e]
V  [jvm.dll+0x3afb08]
V  [jvm.dll+0x328e2c]
V  [jvm.dll+0x32998b]
V  [jvm.dll+0x821879]
V  [jvm.dll+0x3bc541]
V  [jvm.dll+0x80aaf8]
V  [jvm.dll+0x45172e]
V  [jvm.dll+0x453321]
C  [jli.dll+0x52a3]
C  [ucrtbase.dll+0x37b0]
C  [KERNEL32.DLL+0x2e8d7]
C  [ntdll.dll+0x3c34c]


---------------  P R O C E S S  ---------------

Threads class SMR info:
_java_thread_list=0x00007ffdf439fc48, length=0, elements={
}

Java Threads: ( => current thread )
Total: 0

Other Threads:
  0x00000299d53ef4e0 WorkerThread "GC Thread#0"                     [id=27760, stack(0x0000009b1b700000,0x0000009b1b800000) (1024K)]
  0x00000299d57447f0 ConcurrentGCThread "G1 Main Marker"            [id=4472, stack(0x0000009b1b800000,0x0000009b1b900000) (1024K)]
  0x00000299d53f0700 WorkerThread "G1 Conc#0"                       [id=32376, stack(0x0000009b1b900000,0x0000009b1ba00000) (1024K)]

[error occurred during error reporting (printing all threads), id 0xc0000005, EXCEPTION_ACCESS_VIOLATION (0xc0000005) at pc=0x00007ffdf3b0b5b7]
VM state: not at safepoint (not fully initialized)

VM Mutex/Monitor currently owned by a thread:  ([mutex/lock_event])
[0x00007ffdf4410f50] Heap_lock - owner thread: 0x00000299d56d0220

Heap address: 0x000000070b000000, size: 3920 MB, Compressed Oops mode: Zero based, Oop shift amount: 3

CDS archive(s) mapped at: [0x0000000000000000-0x0000000000000000-0x0000000000000000), size 0, SharedBaseAddress: 0x0000000800000000, ArchiveRelocationMode: 1.
Narrow klass base: 0x0000000000000000, Narrow klass shift: 0, Narrow klass range: 0x0

GC Precious Log:
 CardTable entry size: 512
 Card Set container configuration: InlinePtr #cards 4 size 8 Array Of Cards #cards 16 size 48 Howl #buckets 8 coarsen threshold 3686 Howl Bitmap #cards 512 size 80 coarsen threshold 460 Card regions per heap region 1 cards per card region 4096

Heap:
 garbage-first heap   total 0K, used 0K [0x000000070b000000, 0x0000000800000000)
  region size 2048K, 0 young (0K), 0 survivors (0K)

[error occurred during error reporting (printing heap information), id 0xc0000005, EXCEPTION_ACCESS_VIOLATION (0xc0000005) at pc=0x00007ffdf3ef51e9]
GC Heap History (0 events):
No events

Dll operation events (1 events):
Event: 0.010 Loaded shared library D:\Environment\JDK21\bin\java.dll

Deoptimization events (0 events):
No events

Classes loaded (0 events):
No events

Classes unloaded (0 events):
No events

Classes redefined (0 events):
No events

Internal exceptions (0 events):
No events

ZGC Phase Switch (0 events):
No events

VM Operations (0 events):
No events

Events (0 events):
No events


Dynamic libraries:
0x00007ff73d530000 - 0x00007ff73d540000 	D:\Environment\JDK21\bin\java.exe
0x00007ffed37e0000 - 0x00007ffed3a47000 	C:\WINDOWS\SYSTEM32\ntdll.dll
0x00007ffed2bb0000 - 0x00007ffed2c79000 	C:\WINDOWS\System32\KERNEL32.DLL
0x00007ffed0d20000 - 0x00007ffed1110000 	C:\WINDOWS\System32\KERNELBASE.dll
0x00007ffed1120000 - 0x00007ffed126b000 	C:\WINDOWS\System32\ucrtbase.dll
0x00007ffec6100000 - 0x00007ffec6119000 	D:\Environment\JDK21\bin\jli.dll
0x00007ffec6140000 - 0x00007ffec615b000 	D:\Environment\JDK21\bin\VCRUNTIME140.dll
0x00007ffed24e0000 - 0x00007ffed2594000 	C:\WINDOWS\System32\ADVAPI32.dll
0x00007ffed1660000 - 0x00007ffed1709000 	C:\WINDOWS\System32\msvcrt.dll
0x00007ffed35e0000 - 0x00007ffed3686000 	C:\WINDOWS\System32\sechost.dll
0x00007ffed3010000 - 0x00007ffed3128000 	C:\WINDOWS\System32\RPCRT4.dll
0x00007ffed2e40000 - 0x00007ffed3005000 	C:\WINDOWS\System32\USER32.dll
0x00007ffed0af0000 - 0x00007ffed0b17000 	C:\WINDOWS\System32\win32u.dll
0x00007ffed3390000 - 0x00007ffed33bb000 	C:\WINDOWS\System32\GDI32.dll
0x00007ffeb2220000 - 0x00007ffeb24ba000 	C:\WINDOWS\WinSxS\amd64_microsoft.windows.common-controls_6595b64144ccf1df_6.0.26100.4768_none_3e0c112ce331287c\COMCTL32.dll
0x00007ffed0910000 - 0x00007ffed0a48000 	C:\WINDOWS\System32\gdi32full.dll
0x00007ffed0be0000 - 0x00007ffed0c83000 	C:\WINDOWS\System32\msvcp_win.dll
0x00007ffec9a80000 - 0x00007ffec9a8b000 	C:\WINDOWS\SYSTEM32\VERSION.dll
0x00007ffed15f0000 - 0x00007ffed161f000 	C:\WINDOWS\System32\IMM32.DLL
0x00007ffec6410000 - 0x00007ffec641c000 	D:\Environment\JDK21\bin\vcruntime140_1.dll
0x00007ffeb9890000 - 0x00007ffeb991e000 	D:\Environment\JDK21\bin\msvcp140.dll
0x00007ffdf37d0000 - 0x00007ffdf44ed000 	D:\Environment\JDK21\bin\server\jvm.dll
0x00007ffed2790000 - 0x00007ffed2804000 	C:\WINDOWS\System32\WS2_32.dll
0x00007ffed0770000 - 0x00007ffed07ce000 	C:\WINDOWS\SYSTEM32\POWRPROF.dll
0x00007ffec1b50000 - 0x00007ffec1b85000 	C:\WINDOWS\SYSTEM32\WINMM.dll
0x00007ffed0750000 - 0x00007ffed0764000 	C:\WINDOWS\SYSTEM32\UMPDC.dll
0x00007ffecf690000 - 0x00007ffecf6ab000 	C:\WINDOWS\SYSTEM32\kernel.appcore.dll
0x00007ffec6380000 - 0x00007ffec638a000 	D:\Environment\JDK21\bin\jimage.dll
0x00007ffecd7e0000 - 0x00007ffecda21000 	C:\WINDOWS\SYSTEM32\DBGHELP.DLL
0x00007ffed2820000 - 0x00007ffed2ba5000 	C:\WINDOWS\System32\combase.dll
0x00007ffed1710000 - 0x00007ffed17f0000 	C:\WINDOWS\System32\OLEAUT32.dll
0x00007ffeb5e70000 - 0x00007ffeb5eb3000 	C:\WINDOWS\SYSTEM32\dbgcore.DLL
0x00007ffed0a50000 - 0x00007ffed0ae9000 	C:\WINDOWS\System32\bcryptPrimitives.dll
0x00007ffec60f0000 - 0x00007ffec60ff000 	D:\Environment\JDK21\bin\instrument.dll
0x00007ffec14b0000 - 0x00007ffec14cf000 	D:\Environment\JDK21\bin\java.dll
0x00007ffecf940000 - 0x00007ffecf989000 	C:\WINDOWS\SYSTEM32\SspiCli.dll

dbghelp: loaded successfully - version: 4.0.5 - missing functions: none
symbol engine: initialized successfully - sym options: 0x614 - pdb path: .;D:\Environment\JDK21\bin;C:\WINDOWS\SYSTEM32;C:\WINDOWS\WinSxS\amd64_microsoft.windows.common-controls_6595b64144ccf1df_6.0.26100.4768_none_3e0c112ce331287c;D:\Environment\JDK21\bin\server

VM Arguments:
jvm_args: -javaagent:E:\IntelliJ IDEA 2025.3.3\lib\idea_rt.jar=58053 -Dfile.encoding=UTF-8 -Dsun.stdout.encoding=UTF-8 -Dsun.stderr.encoding=UTF-8 
java_command: com.diffguard.DiffGuard review --from HEAD~1 --to HEAD
java_class_path (initial): C:\Users\33313\Desktop\Diffguard\diffguard\target\classes;C:\Users\33313\.m2\repository\info\picocli\picocli\4.7.5\picocli-4.7.5.jar;C:\Users\33313\.m2\repository\org\eclipse\jgit\org.eclipse.jgit\6.8.0.202311291450-r\org.eclipse.jgit-6.8.0.202311291450-r.jar;C:\Users\33313\.m2\repository\com\googlecode\javaewah\JavaEWAH\1.2.3\JavaEWAH-1.2.3.jar;C:\Users\33313\.m2\repository\org\slf4j\slf4j-api\1.7.36\slf4j-api-1.7.36.jar;C:\Users\33313\.m2\repository\commons-codec\commons-codec\1.16.0\commons-codec-1.16.0.jar;C:\Users\33313\.m2\repository\com\fasterxml\jackson\core\jackson-databind\2.17.0\jackson-databind-2.17.0.jar;C:\Users\33313\.m2\repository\com\fasterxml\jackson\core\jackson-annotations\2.17.0\jackson-annotations-2.17.0.jar;C:\Users\33313\.m2\repository\com\fasterxml\jackson\core\jackson-core\2.17.0\jackson-core-2.17.0.jar;C:\Users\33313\.m2\repository\net\bytebuddy\byte-buddy\1.14.9\byte-buddy-1.14.9.jar;C:\Users\33313\.m2\repository\com\fasterxml\jackson\dataformat\jackson-dataformat-yaml\2.17.0\jackson-dataformat-yaml-2.17.0.jar;C:\Users\33313\.m2\repository\org\yaml\snakeyaml\2.2\snakeyaml-2.2.jar;C:\Users\33313\.m2\repository\com\knuddels\jtokkit\1.0.0\jtokkit-1.0.0.jar;C:\Users\33313\.m2\repository\com\github\ben-manes\caffeine\caffeine\3.1.8\caffeine-3.1.8.jar;C:\Users\33313\.m2\repository\org\checkerframework\checker-qual\3.37.0\checker-qual-3.37.0.jar;C:\Users\33313\.m2\repository\com\google\errorprone\error_prone_annotations\2.21.1\error_prone_annotations-2.21.1.jar;C:\Users\33313\.m2\repository\io\javalin\javalin\5.6.3\javalin-5.6.3.jar;C:\Users\33313\.m2\repository\org\jetbrains\annotations\24.0.1\annotations-24.0.1.jar;C:\Users\33313\.m2\repository\org\eclipse\jetty\jetty-server\11.0.17\jetty-server-11.0.17.jar;C:\Users\33313\.m2\repository\org\eclipse\jetty\toolchain\jetty-jakarta-servlet-api\5.0.2\jetty-jakarta-servlet-api-5.0.2.jar;C:\Users\33313\.m2\repository\org\eclipse\jetty\jetty-http\11.0.17\jetty-http-11.0.17.jar;C:\Users\33313\.m2\repository\org\eclipse\jetty\jetty-util\11.0.17\jetty-util-11.0.17.jar;C:\Users\33313\.m2\repository\org\eclipse\jetty\jetty-io\11.0.17\jetty-io-11.0.17.jar;C:\Users\33313\.m2\repository\org\eclipse\jetty\jetty-webapp\11.0.17\jetty-webapp-11.0.17.jar;C:\Users\33313\.m2\repository\org\eclipse\jetty\jetty-servlet\11.0.17\jetty-servlet-11.0.17.jar;C:\Users\33313\.m2\repository\org\eclipse\jetty\jetty-security\11.0.17\jetty-security-11.0.17.jar;C:\Users\33313\.m2\repository\org\eclipse\jetty\jetty-xml\11.0.17\jetty-xml-11.0.17.jar;C:\Users\33313\.m2\repository\org\eclipse\jetty\websocket\websocket-jetty-server\11.0.17\websocket-jetty-server-11.0.17.jar;C:\Users\33313\.m2\repository\org\eclipse\jetty\websocket\websocket-jetty-common\11.0.17\websocket-jetty-common-11.0.17.jar;C:\Users\33313\.m2\repository\org\eclipse\jetty\websocket\websocket-core-common\11.0.17\websocket-core-common-11.0.17.jar;C:\Users\33313\.m2\repository\org\eclipse\jetty\websocket\websocket-servlet\11.0.17\websocket-servlet-11.0.17.jar;C:\Users\33313\.m2\repository\org\eclipse\jetty\websocket\websocket-core-server\11.0.17\websocket-core-server-11.0.17.jar;C:\Users\33313\.m2\repository\org\eclipse\jetty\websocket\websocket-jetty-api\11.0.17\websocket-jetty-api-11.0.17.jar;C:\Users\33313\.m2\repository\org\jetbrains\kotlin\kotlin-stdlib-jdk8\1.8.21\kotlin-stdlib-jdk8-1.8.21.jar;C:\Users\33313\.m2\repository\org\jetbrains\kotlin\kotlin-stdlib\1.8.21\kotlin-stdlib-1.8.21.jar;C:\Users\33313\.m2\repository\org\jetbrains\kotlin\kotlin-stdlib-common\1.8.21\kotlin-stdlib-common-1.8.21.jar;C:\Users\33313\.m2\repository\org\jetbrains\kotlin\kotlin-stdlib-jdk7\1.8.21\kotlin-stdlib-jdk7-1.8.21.jar;C:\Users\33313\.m2\repository\org\slf4j\slf4j-simple\1.7.36\slf4j-simple-1.7.36.jar
Launcher Type: SUN_STANDARD

[Global flags]
     intx CICompilerCount                          = 12                                        {product} {ergonomic}
     uint ConcGCThreads                            = 3                                         {product} {ergonomic}
     uint G1ConcRefinementThreads                  = 13                                        {product} {ergonomic}
   size_t G1HeapRegionSize                         = 2097152                                   {product} {ergonomic}
    uintx GCDrainStackTargetSize                   = 64                                        {product} {ergonomic}
   size_t InitialHeapSize                          = 257949696                                 {product} {ergonomic}
   size_t MarkStackSize                            = 4194304                                   {product} {ergonomic}
   size_t MaxHeapSize                              = 4110417920                                {product} {ergonomic}
   size_t MinHeapDeltaBytes                        = 2097152                                   {product} {ergonomic}
   size_t MinHeapSize                              = 8388608                                   {product} {ergonomic}
    uintx NonNMethodCodeHeapSize                   = 7602480                                {pd product} {ergonomic}
    uintx NonProfiledCodeHeapSize                  = 122027880                              {pd product} {ergonomic}
     bool PerfDisableSharedMem                     = true                                      {product} {ergonomic}
    uintx ProfiledCodeHeapSize                     = 122027880                              {pd product} {ergonomic}
    uintx ReservedCodeCacheSize                    = 251658240                              {pd product} {ergonomic}
     bool SegmentedCodeCache                       = true                                      {product} {ergonomic}
   size_t SoftMaxHeapSize                          = 4110417920                             {manageable} {ergonomic}
     bool UseCompressedOops                        = true                           {product lp64_product} {ergonomic}
     bool UseG1GC                                  = true                                      {product} {ergonomic}
     bool UseLargePagesIndividualAllocation        = false                                  {pd product} {ergonomic}

Logging:
Log output configuration:
 #0: stdout all=warning uptime,level,tags foldmultilines=false
 #1: stderr all=off uptime,level,tags foldmultilines=false

Environment Variables:




Periodic native trim disabled

---------------  S Y S T E M  ---------------

OS:
 Windows 11 , 64 bit Build 26100 (10.0.26100.4768)
OS uptime: 0 days 4:50 hours
Hyper-V role detected

CPU: total 16 (initial active 16) (16 cores per cpu, 2 threads per core) family 25 model 117 stepping 2 microcode 0xa705205, cx8, cmov, fxsr, ht, mmx, 3dnowpref, sse, sse2, sse3, ssse3, sse4a, sse4.1, sse4.2, popcnt, lzcnt, tsc, tscinvbit, avx, avx2, aes, erms, clmul, bmi1, bmi2, adx, avx512f, avx512dq, avx512cd, avx512bw, avx512vl, sha, fma, vzeroupper, avx512_vpopcntdq, avx512_vpclmulqdq, avx512_vaes, avx512_vnni, clflush, clflushopt, avx512_vbmi2, avx512_vbmi, hv, rdtscp, rdpid, fsrm, gfni, avx512_bitalg, f16c, cet_ss, avx512_ifma
Processor Information for processor 0
  Max Mhz: 3801, Current Mhz: 3040, Mhz Limit: 3801
Processor Information for processor 1
  Max Mhz: 3801, Current Mhz: 3040, Mhz Limit: 3801
Processor Information for processor 2
  Max Mhz: 3801, Current Mhz: 3040, Mhz Limit: 3801
Processor Information for processor 3
  Max Mhz: 3801, Current Mhz: 3040, Mhz Limit: 3801
Processor Information for processor 4
  Max Mhz: 3801, Current Mhz: 3040, Mhz Limit: 3801
Processor Information for processor 5
  Max Mhz: 3801, Current Mhz: 3040, Mhz Limit: 3801
Processor Information for processor 6
  Max Mhz: 3801, Current Mhz: 3040, Mhz Limit: 3801
Processor Information for processor 7
  Max Mhz: 3801, Current Mhz: 3040, Mhz Limit: 3801
Processor Information for processor 8
  Max Mhz: 3801, Current Mhz: 3801, Mhz Limit: 3801
Processor Information for processor 9
  Max Mhz: 3801, Current Mhz: 3040, Mhz Limit: 3801
Processor Information for processor 10
  Max Mhz: 3801, Current Mhz: 3040, Mhz Limit: 3801
Processor Information for processor 11
  Max Mhz: 3801, Current Mhz: 3040, Mhz Limit: 3801
Processor Information for processor 12
  Max Mhz: 3801, Current Mhz: 3801, Mhz Limit: 3801
Processor Information for processor 13
  Max Mhz: 3801, Current Mhz: 3040, Mhz Limit: 3801
Processor Information for processor 14
  Max Mhz: 3801, Current Mhz: 3040, Mhz Limit: 3801
Processor Information for processor 15
  Max Mhz: 3801, Current Mhz: 3801, Mhz Limit: 3801

Memory: 4k page, system-wide physical 15676M (1481M free)
TotalPageFile size 38040M (AvailPageFile size 154M)
current process WorkingSet (physical memory assigned to process): 13M, peak: 13M
current process commit charge ("private bytes"): 71M, peak: 317M

vm_info: Java HotSpot(TM) 64-Bit Server VM (21.0.8+12-LTS-250) for windows-amd64 JRE (21.0.8+12-LTS-250), built on 2025-06-27T08:11:22Z by "mach5one" with MS VC++ 17.6 (VS2022)

END.
